Analysis & Synthesis report for ALU
Tue Mar 12 16:35:49 2019
Quartus II 64-Bit Version 13.0.0 Build 156 04/24/2013 SJ Web Edition


---------------------
; Table of Contents ;
---------------------
  1. Legal Notice
  2. Analysis & Synthesis Summary
  3. Analysis & Synthesis Settings
  4. Parallel Compilation
  5. Analysis & Synthesis Source Files Read
  6. Analysis & Synthesis Resource Usage Summary
  7. Analysis & Synthesis Resource Utilization by Entity
  8. User-Specified and Inferred Latches
  9. General Register Statistics
 10. Multiplexer Restructuring Statistics (Restructuring Performed)
 11. Port Connectivity Checks: "sum_rest_8b:resta"
 12. Port Connectivity Checks: "sum_rest_8b:suma"
 13. Port Connectivity Checks: "Bitcomparator_8:Salida_mayor"
 14. Port Connectivity Checks: "Bitcomparator_8:Bmayor"
 15. Port Connectivity Checks: "Bitcomparator_8:Amayor"
 16. Elapsed Time Per Partition
 17. Analysis & Synthesis Messages



----------------
; Legal Notice ;
----------------
Copyright (C) 1991-2013 Altera Corporation
Your use of Altera Corporation's design tools, logic functions 
and other software and tools, and its AMPP partner logic 
functions, and any output files from any of the foregoing 
(including device programming or simulation files), and any 
associated documentation or information are expressly subject 
to the terms and conditions of the Altera Program License 
Subscription Agreement, Altera MegaCore Function License 
Agreement, or other applicable license agreement, including, 
without limitation, that your use is for the sole purpose of 
programming logic devices manufactured by Altera and sold by 
Altera or its authorized distributors.  Please refer to the 
applicable agreement for further details.



+---------------------------------------------------------------------------------+
; Analysis & Synthesis Summary                                                    ;
+------------------------------------+--------------------------------------------+
; Analysis & Synthesis Status        ; Successful - Tue Mar 12 16:35:49 2019      ;
; Quartus II 64-Bit Version          ; 13.0.0 Build 156 04/24/2013 SJ Web Edition ;
; Revision Name                      ; ALU                                        ;
; Top-level Entity Name              ; ALU                                        ;
; Family                             ; Cyclone IV GX                              ;
; Total logic elements               ; 67                                         ;
;     Total combinational functions  ; 67                                         ;
;     Dedicated logic registers      ; 0                                          ;
; Total registers                    ; 0                                          ;
; Total pins                         ; 30                                         ;
; Total virtual pins                 ; 0                                          ;
; Total memory bits                  ; 0                                          ;
; Embedded Multiplier 9-bit elements ; 0                                          ;
; Total GXB Receiver Channel PCS     ; 0                                          ;
; Total GXB Receiver Channel PMA     ; 0                                          ;
; Total GXB Transmitter Channel PCS  ; 0                                          ;
; Total GXB Transmitter Channel PMA  ; 0                                          ;
; Total PLLs                         ; 0                                          ;
+------------------------------------+--------------------------------------------+


+----------------------------------------------------------------------------------------------------------------------+
; Analysis & Synthesis Settings                                                                                        ;
+----------------------------------------------------------------------------+--------------------+--------------------+
; Option                                                                     ; Setting            ; Default Value      ;
+----------------------------------------------------------------------------+--------------------+--------------------+
; Top-level entity name                                                      ; ALU                ; ALU                ;
; Family name                                                                ; Cyclone IV GX      ; Cyclone IV GX      ;
; Use smart compilation                                                      ; Off                ; Off                ;
; Enable parallel Assembler and TimeQuest Timing Analyzer during compilation ; On                 ; On                 ;
; Enable compact report table                                                ; Off                ; Off                ;
; Restructure Multiplexers                                                   ; Auto               ; Auto               ;
; Create Debugging Nodes for IP Cores                                        ; Off                ; Off                ;
; Preserve fewer node names                                                  ; On                 ; On                 ;
; Disable OpenCore Plus hardware evaluation                                  ; Off                ; Off                ;
; Verilog Version                                                            ; Verilog_2001       ; Verilog_2001       ;
; VHDL Version                                                               ; VHDL_1993          ; VHDL_1993          ;
; State Machine Processing                                                   ; Auto               ; Auto               ;
; Safe State Machine                                                         ; Off                ; Off                ;
; Extract Verilog State Machines                                             ; On                 ; On                 ;
; Extract VHDL State Machines                                                ; On                 ; On                 ;
; Ignore Verilog initial constructs                                          ; Off                ; Off                ;
; Iteration limit for constant Verilog loops                                 ; 5000               ; 5000               ;
; Iteration limit for non-constant Verilog loops                             ; 250                ; 250                ;
; Add Pass-Through Logic to Inferred RAMs                                    ; On                 ; On                 ;
; Infer RAMs from Raw Logic                                                  ; On                 ; On                 ;
; Parallel Synthesis                                                         ; On                 ; On                 ;
; DSP Block Balancing                                                        ; Auto               ; Auto               ;
; NOT Gate Push-Back                                                         ; On                 ; On                 ;
; Power-Up Don't Care                                                        ; On                 ; On                 ;
; Remove Redundant Logic Cells                                               ; Off                ; Off                ;
; Remove Duplicate Registers                                                 ; On                 ; On                 ;
; Ignore CARRY Buffers                                                       ; Off                ; Off                ;
; Ignore CASCADE Buffers                                                     ; Off                ; Off                ;
; Ignore GLOBAL Buffers                                                      ; Off                ; Off                ;
; Ignore ROW GLOBAL Buffers                                                  ; Off                ; Off                ;
; Ignore LCELL Buffers                                                       ; Off                ; Off                ;
; Ignore SOFT Buffers                                                        ; On                 ; On                 ;
; Limit AHDL Integers to 32 Bits                                             ; Off                ; Off                ;
; Optimization Technique                                                     ; Balanced           ; Balanced           ;
; Carry Chain Length                                                         ; 70                 ; 70                 ;
; Auto Carry Chains                                                          ; On                 ; On                 ;
; Auto Open-Drain Pins                                                       ; On                 ; On                 ;
; Perform WYSIWYG Primitive Resynthesis                                      ; Off                ; Off                ;
; Auto ROM Replacement                                                       ; On                 ; On                 ;
; Auto RAM Replacement                                                       ; On                 ; On                 ;
; Auto DSP Block Replacement                                                 ; On                 ; On                 ;
; Auto Shift Register Replacement                                            ; Auto               ; Auto               ;
; Allow Shift Register Merging across Hierarchies                            ; Auto               ; Auto               ;
; Auto Clock Enable Replacement                                              ; On                 ; On                 ;
; Strict RAM Replacement                                                     ; Off                ; Off                ;
; Allow Synchronous Control Signals                                          ; On                 ; On                 ;
; Force Use of Synchronous Clear Signals                                     ; Off                ; Off                ;
; Auto RAM Block Balancing                                                   ; On                 ; On                 ;
; Auto RAM to Logic Cell Conversion                                          ; Off                ; Off                ;
; Auto Resource Sharing                                                      ; Off                ; Off                ;
; Allow Any RAM Size For Recognition                                         ; Off                ; Off                ;
; Allow Any ROM Size For Recognition                                         ; Off                ; Off                ;
; Allow Any Shift Register Size For Recognition                              ; Off                ; Off                ;
; Use LogicLock Constraints during Resource Balancing                        ; On                 ; On                 ;
; Ignore translate_off and synthesis_off directives                          ; Off                ; Off                ;
; Timing-Driven Synthesis                                                    ; On                 ; On                 ;
; Report Parameter Settings                                                  ; On                 ; On                 ;
; Report Source Assignments                                                  ; On                 ; On                 ;
; Report Connectivity Checks                                                 ; On                 ; On                 ;
; Ignore Maximum Fan-Out Assignments                                         ; Off                ; Off                ;
; Synchronization Register Chain Length                                      ; 2                  ; 2                  ;
; PowerPlay Power Optimization                                               ; Normal compilation ; Normal compilation ;
; HDL message level                                                          ; Level2             ; Level2             ;
; Suppress Register Optimization Related Messages                            ; Off                ; Off                ;
; Number of Removed Registers Reported in Synthesis Report                   ; 5000               ; 5000               ;
; Number of Swept Nodes Reported in Synthesis Report                         ; 5000               ; 5000               ;
; Number of Inverted Registers Reported in Synthesis Report                  ; 100                ; 100                ;
; Clock MUX Protection                                                       ; On                 ; On                 ;
; Auto Gated Clock Conversion                                                ; Off                ; Off                ;
; Block Design Naming                                                        ; Auto               ; Auto               ;
; SDC constraint protection                                                  ; Off                ; Off                ;
; Synthesis Effort                                                           ; Auto               ; Auto               ;
; Shift Register Replacement - Allow Asynchronous Clear Signal               ; On                 ; On                 ;
; Pre-Mapping Resynthesis Optimization                                       ; Off                ; Off                ;
; Analysis & Synthesis Message Level                                         ; Medium             ; Medium             ;
; Disable Register Merging Across Hierarchies                                ; Auto               ; Auto               ;
; Resource Aware Inference For Block RAM                                     ; On                 ; On                 ;
; Synthesis Seed                                                             ; 1                  ; 1                  ;
+----------------------------------------------------------------------------+--------------------+--------------------+


+------------------------------------------+
; Parallel Compilation                     ;
+----------------------------+-------------+
; Processors                 ; Number      ;
+----------------------------+-------------+
; Number detected on machine ; 4           ;
; Maximum allowed            ; 2           ;
;                            ;             ;
; Average used               ; 1.00        ;
; Maximum used               ; 1           ;
;                            ;             ;
; Usage by Processor         ; % Time Used ;
;     Processor 1            ; 100.0%      ;
;     Processors 2-4         ;   0.0%      ;
+----------------------------+-------------+


+----------------------------------------------------------------------------------------------------------------------------------------------------------------------------------------------------------------------------------------+
; Analysis & Synthesis Source Files Read                                                                                                                                                                                                 ;
+----------------------------------+-----------------+-----------------+-------------------------------------------------------------------------------------------------------------------------------------------------------+---------+
; File Name with User-Entered Path ; Used in Netlist ; File Type       ; File Name with Absolute Path                                                                                                                          ; Library ;
+----------------------------------+-----------------+-----------------+-------------------------------------------------------------------------------------------------------------------------------------------------------+---------+
; OROP.vhd                         ; yes             ; User VHDL File  ; C:/Users/HewlettPackard/OneDrive - Pontificia Universidad Javeriana/QUINTO SEMESTRE/Organización de Computadores/Laboratorios/ALU/OROP.vhd            ;         ;
; equal.vhd                        ; yes             ; User VHDL File  ; C:/Users/HewlettPackard/OneDrive - Pontificia Universidad Javeriana/QUINTO SEMESTRE/Organización de Computadores/Laboratorios/ALU/equal.vhd           ;         ;
; ANDOP.vhd                        ; yes             ; User VHDL File  ; C:/Users/HewlettPackard/OneDrive - Pontificia Universidad Javeriana/QUINTO SEMESTRE/Organización de Computadores/Laboratorios/ALU/ANDOP.vhd           ;         ;
; ALU.vhd                          ; yes             ; User VHDL File  ; C:/Users/HewlettPackard/OneDrive - Pontificia Universidad Javeriana/QUINTO SEMESTRE/Organización de Computadores/Laboratorios/ALU/ALU.vhd             ;         ;
; sum_rest_8b.vhd                  ; yes             ; User VHDL File  ; C:/Users/HewlettPackard/OneDrive - Pontificia Universidad Javeriana/QUINTO SEMESTRE/Organización de Computadores/Laboratorios/ALU/sum_rest_8b.vhd     ;         ;
; full_adder.vhd                   ; yes             ; User VHDL File  ; C:/Users/HewlettPackard/OneDrive - Pontificia Universidad Javeriana/QUINTO SEMESTRE/Organización de Computadores/Laboratorios/ALU/full_adder.vhd      ;         ;
; bitcomparator_8.vhd              ; yes             ; User VHDL File  ; C:/Users/HewlettPackard/OneDrive - Pontificia Universidad Javeriana/QUINTO SEMESTRE/Organización de Computadores/Laboratorios/ALU/bitcomparator_8.vhd ;         ;
+----------------------------------+-----------------+-----------------+-------------------------------------------------------------------------------------------------------------------------------------------------------+---------+


+-----------------------------------------------+
; Analysis & Synthesis Resource Usage Summary   ;
+--------------------------+--------------------+
; Resource                 ; Usage              ;
+--------------------------+--------------------+
; I/O pins                 ; 30                 ;
; DSP block 9-bit elements ; 0                  ;
; Maximum fan-out node     ; operacion[1]~input ;
; Maximum fan-out          ; 20                 ;
; Total fan-out            ; 286                ;
; Average fan-out          ; 2.12               ;
+--------------------------+--------------------+


+-------------------------------------------------------------------------------------------------------------------------------------------------------------------------------------------------------------------------+
; Analysis & Synthesis Resource Utilization by Entity                                                                                                                                                                     ;
+---------------------------------+-------------------+--------------+-------------+--------------+---------+-----------+-----------+------+--------------+------------------------------------------------+--------------+
; Compilation Hierarchy Node      ; LC Combinationals ; LC Registers ; Memory Bits ; DSP Elements ; DSP 9x9 ; DSP 18x18 ; DSP 36x36 ; Pins ; Virtual Pins ; Full Hierarchy Name                            ; Library Name ;
+---------------------------------+-------------------+--------------+-------------+--------------+---------+-----------+-----------+------+--------------+------------------------------------------------+--------------+
; |ALU                            ; 67 (43)           ; 0 (0)        ; 0           ; 0            ; 0       ; 0         ; 0         ; 30   ; 0            ; |ALU                                           ;              ;
;    |Bitcomparator_8:mayor|      ; 8 (8)             ; 0 (0)        ; 0           ; 0            ; 0       ; 0         ; 0         ; 0    ; 0            ; |ALU|Bitcomparator_8:mayor                     ;              ;
;    |sum_rest_8b:resta|          ; 6 (0)             ; 0 (0)        ; 0           ; 0            ; 0       ; 0         ; 0         ; 0    ; 0            ; |ALU|sum_rest_8b:resta                         ;              ;
;       |full_adder:full_adder_1| ; 2 (2)             ; 0 (0)        ; 0           ; 0            ; 0       ; 0         ; 0         ; 0    ; 0            ; |ALU|sum_rest_8b:resta|full_adder:full_adder_1 ;              ;
;       |full_adder:full_adder_2| ; 1 (1)             ; 0 (0)        ; 0           ; 0            ; 0       ; 0         ; 0         ; 0    ; 0            ; |ALU|sum_rest_8b:resta|full_adder:full_adder_2 ;              ;
;       |full_adder:full_adder_3| ; 1 (1)             ; 0 (0)        ; 0           ; 0            ; 0       ; 0         ; 0         ; 0    ; 0            ; |ALU|sum_rest_8b:resta|full_adder:full_adder_3 ;              ;
;       |full_adder:full_adder_4| ; 1 (1)             ; 0 (0)        ; 0           ; 0            ; 0       ; 0         ; 0         ; 0    ; 0            ; |ALU|sum_rest_8b:resta|full_adder:full_adder_4 ;              ;
;       |full_adder:full_adder_5| ; 1 (1)             ; 0 (0)        ; 0           ; 0            ; 0       ; 0         ; 0         ; 0    ; 0            ; |ALU|sum_rest_8b:resta|full_adder:full_adder_5 ;              ;
;    |sum_rest_8b:suma|           ; 10 (1)            ; 0 (0)        ; 0           ; 0            ; 0       ; 0         ; 0         ; 0    ; 0            ; |ALU|sum_rest_8b:suma                          ;              ;
;       |full_adder:full_adder_0| ; 2 (2)             ; 0 (0)        ; 0           ; 0            ; 0       ; 0         ; 0         ; 0    ; 0            ; |ALU|sum_rest_8b:suma|full_adder:full_adder_0  ;              ;
;       |full_adder:full_adder_1| ; 1 (1)             ; 0 (0)        ; 0           ; 0            ; 0       ; 0         ; 0         ; 0    ; 0            ; |ALU|sum_rest_8b:suma|full_adder:full_adder_1  ;              ;
;       |full_adder:full_adder_2| ; 1 (1)             ; 0 (0)        ; 0           ; 0            ; 0       ; 0         ; 0         ; 0    ; 0            ; |ALU|sum_rest_8b:suma|full_adder:full_adder_2  ;              ;
;       |full_adder:full_adder_3| ; 1 (1)             ; 0 (0)        ; 0           ; 0            ; 0       ; 0         ; 0         ; 0    ; 0            ; |ALU|sum_rest_8b:suma|full_adder:full_adder_3  ;              ;
;       |full_adder:full_adder_4| ; 1 (1)             ; 0 (0)        ; 0           ; 0            ; 0       ; 0         ; 0         ; 0    ; 0            ; |ALU|sum_rest_8b:suma|full_adder:full_adder_4  ;              ;
;       |full_adder:full_adder_5| ; 1 (1)             ; 0 (0)        ; 0           ; 0            ; 0       ; 0         ; 0         ; 0    ; 0            ; |ALU|sum_rest_8b:suma|full_adder:full_adder_5  ;              ;
;       |full_adder:full_adder_6| ; 1 (1)             ; 0 (0)        ; 0           ; 0            ; 0       ; 0         ; 0         ; 0    ; 0            ; |ALU|sum_rest_8b:suma|full_adder:full_adder_6  ;              ;
;       |full_adder:full_adder_7| ; 1 (1)             ; 0 (0)        ; 0           ; 0            ; 0       ; 0         ; 0         ; 0    ; 0            ; |ALU|sum_rest_8b:suma|full_adder:full_adder_7  ;              ;
+---------------------------------+-------------------+--------------+-------------+--------------+---------+-----------+-----------+------+--------------+------------------------------------------------+--------------+
Note: For table entries with two numbers listed, the numbers in parentheses indicate the number of resources of the given type used by the specific entity alone. The numbers listed outside of parentheses indicate the total resources of the given type used by the specific entity and all of its sub-entities in the hierarchy.


+---------------------------------------------------------------------------------------------------+
; User-Specified and Inferred Latches                                                               ;
+----------------------------------------------------+---------------------+------------------------+
; Latch Name                                         ; Latch Enable Signal ; Free of Timing Hazards ;
+----------------------------------------------------+---------------------+------------------------+
; S_onebit$latch                                     ; Mux11               ; yes                    ;
; S[0]$latch                                         ; Mux11               ; yes                    ;
; S[1]$latch                                         ; Mux11               ; yes                    ;
; S[2]$latch                                         ; Mux11               ; yes                    ;
; S[3]$latch                                         ; Mux11               ; yes                    ;
; S[4]$latch                                         ; Mux11               ; yes                    ;
; S[5]$latch                                         ; Mux11               ; yes                    ;
; S[6]$latch                                         ; Mux11               ; yes                    ;
; S[7]$latch                                         ; Mux11               ; yes                    ;
; Number of user-specified and inferred latches = 9  ;                     ;                        ;
+----------------------------------------------------+---------------------+------------------------+
Note: All latches listed above may not be present at the end of synthesis due to various synthesis optimizations.


+------------------------------------------------------+
; General Register Statistics                          ;
+----------------------------------------------+-------+
; Statistic                                    ; Value ;
+----------------------------------------------+-------+
; Total registers                              ; 0     ;
; Number of registers using Synchronous Clear  ; 0     ;
; Number of registers using Synchronous Load   ; 0     ;
; Number of registers using Asynchronous Clear ; 0     ;
; Number of registers using Asynchronous Load  ; 0     ;
; Number of registers using Clock Enable       ; 0     ;
; Number of registers using Preset             ; 0     ;
+----------------------------------------------+-------+


+------------------------------------------------------------------------------------------------------------------------------------------+
; Multiplexer Restructuring Statistics (Restructuring Performed)                                                                           ;
+--------------------+-----------+---------------+----------------------+------------------------+------------+----------------------------+
; Multiplexer Inputs ; Bus Width ; Baseline Area ; Area if Restructured ; Saving if Restructured ; Registered ; Example Multiplexer Output ;
+--------------------+-----------+---------------+----------------------+------------------------+------------+----------------------------+
; 6:1                ; 8 bits    ; 32 LEs        ; 24 LEs               ; 8 LEs                  ; No         ; |ALU|Mux0                  ;
+--------------------+-----------+---------------+----------------------+------------------------+------------+----------------------------+


+--------------------------------------------------------------------------------------------------------------------+
; Port Connectivity Checks: "sum_rest_8b:resta"                                                                      ;
+----------+--------+----------+-------------------------------------------------------------------------------------+
; Port     ; Type   ; Severity ; Details                                                                             ;
+----------+--------+----------+-------------------------------------------------------------------------------------+
; cout     ; Output ; Info     ; Connected to dangling logic. Logic that only feeds a dangling port will be removed. ;
; overflow ; Output ; Info     ; Connected to dangling logic. Logic that only feeds a dangling port will be removed. ;
+----------+--------+----------+-------------------------------------------------------------------------------------+


+--------------------------------------------------------------------------------------------------------------------+
; Port Connectivity Checks: "sum_rest_8b:suma"                                                                       ;
+----------+--------+----------+-------------------------------------------------------------------------------------+
; Port     ; Type   ; Severity ; Details                                                                             ;
+----------+--------+----------+-------------------------------------------------------------------------------------+
; overflow ; Output ; Info     ; Connected to dangling logic. Logic that only feeds a dangling port will be removed. ;
+----------+--------+----------+-------------------------------------------------------------------------------------+


+----------------------------------------------------------------------------------------------------------------+
; Port Connectivity Checks: "Bitcomparator_8:Salida_mayor"                                                       ;
+------+--------+----------+-------------------------------------------------------------------------------------+
; Port ; Type   ; Severity ; Details                                                                             ;
+------+--------+----------+-------------------------------------------------------------------------------------+
; y    ; Input  ; Info     ; Stuck at GND                                                                        ;
; ls   ; Output ; Info     ; Connected to dangling logic. Logic that only feeds a dangling port will be removed. ;
+------+--------+----------+-------------------------------------------------------------------------------------+


+----------------------------------------------------------------------------------------------------------------+
; Port Connectivity Checks: "Bitcomparator_8:Bmayor"                                                             ;
+------+--------+----------+-------------------------------------------------------------------------------------+
; Port ; Type   ; Severity ; Details                                                                             ;
+------+--------+----------+-------------------------------------------------------------------------------------+
; y    ; Input  ; Info     ; Stuck at GND                                                                        ;
; ls   ; Output ; Info     ; Connected to dangling logic. Logic that only feeds a dangling port will be removed. ;
+------+--------+----------+-------------------------------------------------------------------------------------+


+----------------------------------------------------------------------------------------------------------------+
; Port Connectivity Checks: "Bitcomparator_8:Amayor"                                                             ;
+------+--------+----------+-------------------------------------------------------------------------------------+
; Port ; Type   ; Severity ; Details                                                                             ;
+------+--------+----------+-------------------------------------------------------------------------------------+
; y    ; Input  ; Info     ; Stuck at GND                                                                        ;
; ls   ; Output ; Info     ; Connected to dangling logic. Logic that only feeds a dangling port will be removed. ;
+------+--------+----------+-------------------------------------------------------------------------------------+


+-------------------------------+
; Elapsed Time Per Partition    ;
+----------------+--------------+
; Partition Name ; Elapsed Time ;
+----------------+--------------+
; Top            ; 00:00:00     ;
+----------------+--------------+


+-------------------------------+
; Analysis & Synthesis Messages ;
+-------------------------------+
Info: *******************************************************************
Info: Running Quartus II 64-Bit Analysis & Synthesis
    Info: Version 13.0.0 Build 156 04/24/2013 SJ Web Edition
    Info: Processing started: Tue Mar 12 16:35:46 2019
Info: Command: quartus_map --read_settings_files=on --write_settings_files=off ALU -c ALU
Info (11104): Parallel Compilation has detected 4 hyper-threaded processors. However, the extra hyper-threaded processors will not be used by default. Parallel Compilation will use 2 of the 2 physical processors detected instead.
Info (12021): Found 2 design units, including 1 entities, in source file orop.vhd
    Info (12022): Found design unit 1: OROP-gatelevel
    Info (12023): Found entity 1: OROP
Info (12021): Found 2 design units, including 1 entities, in source file equal.vhd
    Info (12022): Found design unit 1: equal-fun
    Info (12023): Found entity 1: equal
Info (12021): Found 2 design units, including 1 entities, in source file andop.vhd
    Info (12022): Found design unit 1: ANDOP-gatelevel
    Info (12023): Found entity 1: ANDOP
Info (12021): Found 2 design units, including 1 entities, in source file alu.vhd
    Info (12022): Found design unit 1: ALU-functional
    Info (12023): Found entity 1: ALU
Info (12021): Found 2 design units, including 1 entities, in source file sum_rest_8b_tb.vhd
    Info (12022): Found design unit 1: sum_rest_8b_tb-testbench
    Info (12023): Found entity 1: sum_rest_8b_tb
Warning (12019): Can't analyze file -- file multiplicador.vhd is missing
Info (12021): Found 0 design units, including 0 entities, in source file multiplicador_tb.vhd
Info (12021): Found 2 design units, including 1 entities, in source file sum_rest_8b.vhd
    Info (12022): Found design unit 1: sum_rest_8b-functional
    Info (12023): Found entity 1: sum_rest_8b
Info (12021): Found 2 design units, including 1 entities, in source file full_adder.vhd
    Info (12022): Found design unit 1: full_adder-gateLevel
    Info (12023): Found entity 1: full_adder
Info (12021): Found 2 design units, including 1 entities, in source file bitcomparator_8.vhd
    Info (12022): Found design unit 1: Bitcomparator_8-functional
    Info (12023): Found entity 1: Bitcomparator_8
Info (12021): Found 2 design units, including 1 entities, in source file alu_tb.vhd
    Info (12022): Found design unit 1: ALU_tb-testbench
    Info (12023): Found entity 1: ALU_tb
Info (12127): Elaborating entity "ALU" for the top level hierarchy
Warning (10036): Verilog HDL or VHDL warning at ALU.vhd(19): object "COUT_sr" assigned a value but never read
Warning (10036): Verilog HDL or VHDL warning at ALU.vhd(20): object "Amayor0" assigned a value but never read
Warning (10036): Verilog HDL or VHDL warning at ALU.vhd(21): object "Bmayor0" assigned a value but never read
Warning (10036): Verilog HDL or VHDL warning at ALU.vhd(22): object "Smayor" assigned a value but never read
Warning (10631): VHDL Process Statement warning at ALU.vhd(71): inferring latch(es) for signal or variable "S_onebit", which holds its previous value in one or more paths through the process
Warning (10631): VHDL Process Statement warning at ALU.vhd(71): inferring latch(es) for signal or variable "S", which holds its previous value in one or more paths through the process
Warning (10492): VHDL Process Statement warning at ALU.vhd(86): signal "COUT_ss" is read inside the Process Statement but isn't in the Process Statement's sensitivity list
Warning (10492): VHDL Process Statement warning at ALU.vhd(97): signal "operacion" is read inside the Process Statement but isn't in the Process Statement's sensitivity list
Info (10041): Inferred latch for "S[0]" at ALU.vhd(71)
Info (10041): Inferred latch for "S[1]" at ALU.vhd(71)
Info (10041): Inferred latch for "S[2]" at ALU.vhd(71)
Info (10041): Inferred latch for "S[3]" at ALU.vhd(71)
Info (10041): Inferred latch for "S[4]" at ALU.vhd(71)
Info (10041): Inferred latch for "S[5]" at ALU.vhd(71)
Info (10041): Inferred latch for "S[6]" at ALU.vhd(71)
Info (10041): Inferred latch for "S[7]" at ALU.vhd(71)
Info (10041): Inferred latch for "S_onebit" at ALU.vhd(71)
Info (12128): Elaborating entity "Bitcomparator_8" for hierarchy "Bitcomparator_8:Amayor"
Info (12128): Elaborating entity "sum_rest_8b" for hierarchy "sum_rest_8b:suma"
Warning (10541): VHDL Signal Declaration warning at sum_rest_8b.vhd(9): used implicit default value for signal "OVERFLOW" because signal was never assigned a value or an explicit default value. Use of implicit default value may introduce unintended design optimizations.
Info (12128): Elaborating entity "full_adder" for hierarchy "sum_rest_8b:suma|full_adder:full_adder_0"
Info (12128): Elaborating entity "equal" for hierarchy "equal:equal"
Info (12128): Elaborating entity "ANDOP" for hierarchy "ANDOP:ANDOP"
Info (12128): Elaborating entity "OROP" for hierarchy "OROP:OROP"
Warning (13034): The following nodes have both tri-state and non-tri-state drivers
    Warning (13035): Inserted always-enabled tri-state buffer between "S[0]" and its non-tri-state driver.
    Warning (13035): Inserted always-enabled tri-state buffer between "S[1]" and its non-tri-state driver.
    Warning (13035): Inserted always-enabled tri-state buffer between "S[2]" and its non-tri-state driver.
    Warning (13035): Inserted always-enabled tri-state buffer between "S[3]" and its non-tri-state driver.
    Warning (13035): Inserted always-enabled tri-state buffer between "S[4]" and its non-tri-state driver.
    Warning (13035): Inserted always-enabled tri-state buffer between "S[5]" and its non-tri-state driver.
    Warning (13035): Inserted always-enabled tri-state buffer between "S[6]" and its non-tri-state driver.
    Warning (13035): Inserted always-enabled tri-state buffer between "S[7]" and its non-tri-state driver.
Warning (13012): Latch S_onebit$latch has unsafe behavior
    Warning (13013): Ports D and ENA on the latch are fed by the same signal operacion[0]
Warning (13012): Latch S[0]$latch has unsafe behavior
    Warning (13013): Ports D and ENA on the latch are fed by the same signal operacion[1]
Warning (13012): Latch S[1]$latch has unsafe behavior
    Warning (13013): Ports D and ENA on the latch are fed by the same signal operacion[1]
Warning (13012): Latch S[2]$latch has unsafe behavior
    Warning (13013): Ports D and ENA on the latch are fed by the same signal operacion[1]
Warning (13012): Latch S[3]$latch has unsafe behavior
    Warning (13013): Ports D and ENA on the latch are fed by the same signal operacion[1]
Warning (13012): Latch S[4]$latch has unsafe behavior
    Warning (13013): Ports D and ENA on the latch are fed by the same signal operacion[1]
Warning (13012): Latch S[5]$latch has unsafe behavior
    Warning (13013): Ports D and ENA on the latch are fed by the same signal operacion[1]
Warning (13012): Latch S[6]$latch has unsafe behavior
    Warning (13013): Ports D and ENA on the latch are fed by the same signal operacion[1]
Warning (13012): Latch S[7]$latch has unsafe behavior
    Warning (13013): Ports D and ENA on the latch are fed by the same signal operacion[1]
Warning (13009): TRI or OPNDRN buffers permanently enabled
    Warning (13010): Node "S[0]~synth"
    Warning (13010): Node "S[1]~synth"
    Warning (13010): Node "S[2]~synth"
    Warning (13010): Node "S[3]~synth"
    Warning (13010): Node "S[4]~synth"
    Warning (13010): Node "S[5]~synth"
    Warning (13010): Node "S[6]~synth"
    Warning (13010): Node "S[7]~synth"
Info (286030): Timing-Driven Synthesis is running
Info (16010): Generating hard_block partition "hard_block:auto_generated_inst"
    Info (16011): Adding 0 node(s), including 0 DDIO, 0 PLL, 0 transceiver and 0 LCELL
Warning (21074): Design contains 1 input pin(s) that do not drive logic
    Warning (15610): No output dependent on input pin "rst"
Info (21057): Implemented 97 device resources after synthesis - the final resource count might be different
    Info (21058): Implemented 20 input pins
    Info (21059): Implemented 2 output pins
    Info (21060): Implemented 8 bidirectional pins
    Info (21061): Implemented 67 logic cells
Info: Quartus II 64-Bit Analysis & Synthesis was successful. 0 errors, 48 warnings
    Info: Peak virtual memory: 568 megabytes
    Info: Processing ended: Tue Mar 12 16:35:49 2019
    Info: Elapsed time: 00:00:03
    Info: Total CPU time (on all processors): 00:00:03


